build/app/outputs/mapping/release/mapping.txt
# compiler: R8
# compiler_version: 1.5.64
# min_api: 19
# pg_map_id: 2034767
...
com.google.android.gms.internal.firebase-auth-api.zzjv -> c.b.a.a.e.d.qb:
com.google.android.gms.internal.firebase-auth-api.zzjw -> c.b.a.a.e.d.rb:
    void zza(java.security.spec.ECPoint,java.security.spec.EllipticCurve) -> a
    java.math.BigInteger zzb(java.security.spec.EllipticCurve) -> a
    java.math.BigInteger zzd(java.math.BigInteger,boolean,java.security.spec.EllipticCurve) -> a
    java.security.spec.ECParameterSpec zze(int) -> a
    java.security.interfaces.ECPublicKey zzf(int,byte[],byte[]) -> a
    java.security.spec.ECParameterSpec zzg(java.lang.String,java.lang.String,java.lang.String,java.lang.String,java.lang.String) -> a
    int zzc(java.security.spec.EllipticCurve) -> b
com.google.android.gms.internal.firebase-auth-api.zzjx -> c.b.a.a.e.d.sb:
    com.google.android.gms.internal.firebase-auth-api.zzay zzb -> b
    com.google.android.gms.internal.firebase-auth-api.zzki zza -> a
    int zzc -> c
    byte[] zza(byte[],byte[]) -> a
    byte[] zzb(byte[],byte[]) -> b
com.google.android.gms.internal.firebase-auth-api.zzjy -> c.b.a.a.e.d.tb:
    com.google.android.gms.internal.firebase-auth-api.zzjy zzg -> i
    java.util.List zzk -> b
    com.google.android.gms.internal.firebase-auth-api.zzjy zzf -> h
    com.google.android.gms.internal.firebase-auth-api.zzjy zza -> e
    com.google.android.gms.internal.firebase-auth-api.zzkg zzj -> a
    java.util.List zzi -> d
    com.google.android.gms.internal.firebase-auth-api.zzjy zze -> g
    com.google.android.gms.internal.firebase-auth-api.zzjy zzb -> f
    java.util.logging.Logger zzh -> c
    java.lang.Object zza(java.lang.String) -> a
com.google.android.gms.internal.firebase-auth-api.zzjz -> c.b.a.a.e.d.ub:
    java.lang.Object zza(java.lang.String,java.security.Provider) -> a
com.google.android.gms.internal.firebase-auth-api.zzk -> c.b.a.a.e.d.vb:
    boolean zza(char) -> a
com.google.android.gms.internal.firebase-auth-api.zzka -> c.b.a.a.e.d.wb:
    java.lang.Object zza(java.lang.String,java.security.Provider) -> a
com.google.android.gms.internal.firebase-auth-api.zzkb -> c.b.a.a.e.d.xb:
    java.lang.Object zza(java.lang.String,java.security.Provider) -> a
com.google.android.gms.internal.firebase-auth-api.zzkc -> c.b.a.a.e.d.yb:
    java.lang.Object zza(java.lang.String,java.security.Provider) -> a
com.google.android.gms.internal.firebase-auth-api.zzkd -> c.b.a.a.e.d.zb:
    java.lang.Object zza(java.lang.String,java.security.Provider) -> a
com.google.android.gms.internal.firebase-auth-api.zzke -> c.b.a.a.e.d.ac:
    java.lang.Object zza(java.lang.String,java.security.Provider) -> a
com.google.android.gms.internal.firebase-auth-api.zzkf -> c.b.a.a.e.d.bc:
    java.lang.Object zza(java.lang.String,java.security.Provider) -> a
com.google.android.gms.internal.firebase-auth-api.zzkg -> c.b.a.a.e.d.cc:
    java.lang.Object zza(java.lang.String,java.security.Provider) -> a
com.google.android.gms.internal.firebase-auth-api.zzkh -> c.b.a.a.e.d.dc:
    java.lang.String zza(byte[]) -> a
com.google.android.gms.internal.firebase-auth-api.zzki -> c.b.a.a.e.d.ec:
    byte[] zza(byte[]) -> a
com.google.android.gms.internal.firebase-auth-api.zzkj -> c.b.a.a.e.d.fc:
    byte[] zza(byte[],byte[]) -> a
    long zzb(byte[],int) -> a
    long zzc(byte[],int,int) -> a
    void zzd(byte[],long,int) -> a
com.google.android.gms.internal.firebase-auth-api.zzkk -> c.b.a.a.e.d.gc:
    byte[] zzb -> b
    javax.crypto.SecretKey zza -> a
    byte[] zzc -> c
    byte[] zza(byte[],int) -> a
    javax.crypto.Cipher zzb() -> a
com.google.android.gms.internal.firebase-auth-api.zzkl -> c.b.a.a.e.d.hc:
    com.google.android.gms.internal.firebase-auth-api.zzkm zza -> a
    javax.crypto.Mac zza() -> a